2024/02/24 10:33:37 [notice] 1#1: using the "epoll" event method
2024/02/24 10:33:37 [notice] 1#1: nginx/1.25.3
2024/02/24 10:33:37 [notice] 1#1: built by gcc 12.2.0 (Debian 12.2.0-14) 
2024/02/24 10:33:37 [notice] 1#1: OS: Linux 6.5.0-18-generic
2024/02/24 10:33:37 [notice] 1#1: getrlimit(RLIMIT_NOFILE): 1048576:1048576
2024/02/24 10:33:37 [notice] 1#1: start worker processes
2024/02/24 10:33:37 [notice] 1#1: start worker process 22
2024/02/24 10:33:37 [notice] 1#1: start worker process 23
2024/02/24 10:33:37 [notice] 1#1: start worker process 24
2024/02/24 10:33:37 [notice] 1#1: start worker process 25
2024/02/24 10:33:37 [notice] 1#1: start worker process 26
2024/02/24 10:33:37 [notice] 1#1: start worker process 27
2024/02/24 10:33:37 [notice] 1#1: start worker process 28
2024/02/24 10:33:37 [notice] 1#1: start worker process 29
2024/02/24 10:33:37 [notice] 1#1: start worker process 30
2024/02/24 10:33:37 [notice] 1#1: start worker process 31
2024/02/24 10:33:37 [notice] 1#1: start worker process 32
2024/02/24 10:33:37 [notice] 1#1: start worker process 33
2024/02/24 10:59:42 [error] 22#22: *1 open() "/var/www/html/favicon.ico" failed (2: No such file or directory), client: 172.19.0.1, server: localhost, request: "GET /favicon.ico HTTP/1.1", host: "localhost:9090", referrer: "http://localhost:9090/"
2024/02/24 11:07:21 [notice] 1#1: signal 3 (SIGQUIT) received, shutting down
2024/02/24 11:07:21 [notice] 24#24: gracefully shutting down
2024/02/24 11:07:21 [notice] 22#22: gracefully shutting down
2024/02/24 11:07:21 [notice] 25#25: gracefully shutting down
2024/02/24 11:07:21 [notice] 27#27: gracefully shutting down
2024/02/24 11:07:21 [notice] 26#26: gracefully shutting down
2024/02/24 11:07:21 [notice] 30#30: gracefully shutting down
2024/02/24 11:07:21 [notice] 28#28: gracefully shutting down
2024/02/24 11:07:21 [notice] 23#23: gracefully shutting down
2024/02/24 11:07:21 [notice] 22#22: exiting
2024/02/24 11:07:21 [notice] 29#29: gracefully shutting down
2024/02/24 11:07:21 [notice] 27#27: exiting
2024/02/24 11:07:21 [notice] 26#26: exiting
2024/02/24 11:07:21 [notice] 30#30: exiting
2024/02/24 11:07:21 [notice] 24#24: exiting
2024/02/24 11:07:21 [notice] 28#28: exiting
2024/02/24 11:07:21 [notice] 23#23: exiting
2024/02/24 11:07:21 [notice] 31#31: gracefully shutting down
2024/02/24 11:07:21 [notice] 29#29: exiting
2024/02/24 11:07:21 [notice] 22#22: exit
2024/02/24 11:07:21 [notice] 31#31: exiting
2024/02/24 11:07:21 [notice] 27#27: exit
2024/02/24 11:07:21 [notice] 24#24: exit
2024/02/24 11:07:21 [notice] 26#26: exit
2024/02/24 11:07:21 [notice] 30#30: exit
2024/02/24 11:07:21 [notice] 28#28: exit
2024/02/24 11:07:21 [notice] 29#29: exit
2024/02/24 11:07:21 [notice] 23#23: exit
2024/02/24 11:07:21 [notice] 31#31: exit
2024/02/24 11:07:21 [notice] 32#32: gracefully shutting down
2024/02/24 11:07:21 [notice] 33#33: gracefully shutting down
2024/02/24 11:07:21 [notice] 32#32: exiting
2024/02/24 11:07:21 [notice] 33#33: exiting
2024/02/24 11:07:21 [notice] 32#32: exit
2024/02/24 11:07:21 [notice] 33#33: exit
2024/02/24 11:07:21 [notice] 1#1: signal 17 (SIGCHLD) received from 30
2024/02/24 11:07:21 [notice] 1#1: worker process 28 exited with code 0
2024/02/24 11:07:21 [notice] 1#1: worker process 30 exited with code 0
2024/02/24 11:07:21 [notice] 1#1: signal 29 (SIGIO) received
2024/02/24 11:07:21 [notice] 1#1: signal 17 (SIGCHLD) received from 28
2024/02/24 11:07:21 [notice] 1#1: signal 17 (SIGCHLD) received from 29
2024/02/24 11:07:21 [notice] 1#1: worker process 24 exited with code 0
2024/02/24 11:07:21 [notice] 1#1: worker process 29 exited with code 0
2024/02/24 11:07:21 [notice] 1#1: signal 29 (SIGIO) received
2024/02/24 11:07:21 [notice] 1#1: signal 17 (SIGCHLD) received from 27
2024/02/24 11:07:21 [notice] 1#1: worker process 27 exited with code 0
2024/02/24 11:07:21 [notice] 1#1: worker process 26 exited with code 0
2024/02/24 11:07:21 [notice] 1#1: signal 29 (SIGIO) received
2024/02/24 11:07:21 [notice] 1#1: signal 17 (SIGCHLD) received from 26
2024/02/24 11:07:21 [notice] 1#1: signal 17 (SIGCHLD) received from 33
2024/02/24 11:07:21 [notice] 1#1: worker process 31 exited with code 0
2024/02/24 11:07:21 [notice] 1#1: worker process 33 exited with code 0
2024/02/24 11:07:21 [notice] 1#1: signal 29 (SIGIO) received
2024/02/24 11:07:21 [notice] 1#1: signal 17 (SIGCHLD) received from 31
2024/02/24 11:07:21 [notice] 1#1: signal 17 (SIGCHLD) received from 32
2024/02/24 11:07:21 [notice] 1#1: worker process 32 exited with code 0
2024/02/24 11:07:21 [notice] 1#1: signal 29 (SIGIO) received
2024/02/24 11:07:21 [notice] 1#1: signal 17 (SIGCHLD) received from 23
2024/02/24 11:07:21 [notice] 1#1: worker process 22 exited with code 0
2024/02/24 11:07:21 [notice] 1#1: worker process 23 exited with code 0
2024/02/24 11:07:21 [notice] 1#1: signal 29 (SIGIO) received
2024/02/24 11:08:43 [notice] 1#1: using the "epoll" event method
2024/02/24 11:08:43 [notice] 1#1: nginx/1.25.3
2024/02/24 11:08:43 [notice] 1#1: built by gcc 12.2.0 (Debian 12.2.0-14) 
2024/02/24 11:08:43 [notice] 1#1: OS: Linux 6.5.0-18-generic
2024/02/24 11:08:43 [notice] 1#1: getrlimit(RLIMIT_NOFILE): 1048576:1048576
2024/02/24 11:08:43 [notice] 1#1: start worker processes
2024/02/24 11:08:43 [notice] 1#1: start worker process 29
2024/02/24 11:08:43 [notice] 1#1: start worker process 30
2024/02/24 11:08:43 [notice] 1#1: start worker process 31
2024/02/24 11:08:43 [notice] 1#1: start worker process 32
2024/02/24 11:08:43 [notice] 1#1: start worker process 33
2024/02/24 11:08:43 [notice] 1#1: start worker process 34
2024/02/24 11:08:43 [notice] 1#1: start worker process 35
2024/02/24 11:08:43 [notice] 1#1: start worker process 36
2024/02/24 11:08:43 [notice] 1#1: start worker process 37
2024/02/24 11:08:43 [notice] 1#1: start worker process 38
2024/02/24 11:08:43 [notice] 1#1: start worker process 39
2024/02/24 11:08:43 [notice] 1#1: start worker process 40
2024/02/24 11:10:10 [notice] 1#1: signal 3 (SIGQUIT) received, shutting down
2024/02/24 11:10:10 [notice] 29#29: gracefully shutting down
2024/02/24 11:10:10 [notice] 30#30: gracefully shutting down
2024/02/24 11:10:10 [notice] 31#31: gracefully shutting down
2024/02/24 11:10:10 [notice] 31#31: exiting
2024/02/24 11:10:10 [notice] 34#34: gracefully shutting down
2024/02/24 11:10:10 [notice] 36#36: gracefully shutting down
2024/02/24 11:10:10 [notice] 40#40: gracefully shutting down
2024/02/24 11:10:10 [notice] 38#38: gracefully shutting down
2024/02/24 11:10:10 [notice] 35#35: gracefully shutting down
2024/02/24 11:10:10 [notice] 33#33: gracefully shutting down
2024/02/24 11:10:10 [notice] 32#32: gracefully shutting down
2024/02/24 11:10:10 [notice] 37#37: gracefully shutting down
2024/02/24 11:10:10 [notice] 34#34: exiting
2024/02/24 11:10:10 [notice] 29#29: exiting
2024/02/24 11:10:10 [notice] 36#36: exiting
2024/02/24 11:10:10 [notice] 40#40: exiting
2024/02/24 11:10:10 [notice] 31#31: exit
2024/02/24 11:10:10 [notice] 38#38: exiting
2024/02/24 11:10:10 [notice] 35#35: exiting
2024/02/24 11:10:10 [notice] 33#33: exiting
2024/02/24 11:10:10 [notice] 32#32: exiting
2024/02/24 11:10:10 [notice] 37#37: exiting
2024/02/24 11:10:10 [notice] 29#29: exit
2024/02/24 11:10:10 [notice] 34#34: exit
2024/02/24 11:10:10 [notice] 36#36: exit
2024/02/24 11:10:10 [notice] 40#40: exit
2024/02/24 11:10:10 [notice] 38#38: exit
2024/02/24 11:10:10 [notice] 35#35: exit
2024/02/24 11:10:10 [notice] 33#33: exit
2024/02/24 11:10:10 [notice] 37#37: exit
2024/02/24 11:10:10 [notice] 32#32: exit
2024/02/24 11:10:10 [notice] 39#39: gracefully shutting down
2024/02/24 11:10:10 [notice] 39#39: exiting
2024/02/24 11:10:10 [notice] 39#39: exit
2024/02/24 11:10:10 [notice] 1#1: signal 17 (SIGCHLD) received from 39
2024/02/24 11:10:10 [notice] 1#1: worker process 39 exited with code 0
2024/02/24 11:10:10 [notice] 1#1: signal 29 (SIGIO) received
2024/02/24 11:10:10 [notice] 1#1: signal 17 (SIGCHLD) received from 40
2024/02/24 11:10:10 [notice] 1#1: worker process 40 exited with code 0
2024/02/24 11:10:10 [notice] 1#1: signal 29 (SIGIO) received
2024/02/24 11:10:10 [notice] 1#1: signal 17 (SIGCHLD) received from 29
2024/02/24 11:10:10 [notice] 1#1: worker process 29 exited with code 0
2024/02/24 11:10:10 [notice] 1#1: signal 29 (SIGIO) received
2024/02/24 11:10:10 [notice] 1#1: signal 17 (SIGCHLD) received from 37
2024/02/24 11:10:10 [notice] 1#1: worker process 37 exited with code 0
2024/02/24 11:10:10 [notice] 1#1: signal 29 (SIGIO) received
2024/02/24 11:10:10 [notice] 1#1: signal 17 (SIGCHLD) received from 31
2024/02/24 11:10:10 [notice] 1#1: worker process 31 exited with code 0
2024/02/24 11:10:10 [notice] 1#1: worker process 35 exited with code 0
2024/02/24 11:10:10 [notice] 1#1: worker process 36 exited with code 0
2024/02/24 11:10:10 [notice] 1#1: signal 29 (SIGIO) received
2024/02/24 11:10:10 [notice] 1#1: signal 17 (SIGCHLD) received from 35
2024/02/24 11:10:10 [notice] 1#1: signal 17 (SIGCHLD) received from 33
2024/02/24 11:10:10 [notice] 1#1: worker process 33 exited with code 0
2024/02/24 11:10:10 [notice] 1#1: worker process 34 exited with code 0
2024/02/24 11:10:10 [notice] 1#1: signal 29 (SIGIO) received
2024/02/24 11:10:10 [notice] 1#1: signal 17 (SIGCHLD) received from 34
2024/02/24 11:10:10 [notice] 1#1: signal 17 (SIGCHLD) received from 32
2024/02/24 11:10:10 [notice] 1#1: worker process 32 exited with code 0
2024/02/24 11:10:10 [notice] 1#1: signal 29 (SIGIO) received
2024/02/24 11:10:10 [notice] 1#1: signal 17 (SIGCHLD) received from 38
2024/02/24 11:10:10 [notice] 1#1: worker process 38 exited with code 0
2024/02/24 11:10:10 [notice] 1#1: signal 29 (SIGIO) received
2024/02/24 11:10:16 [notice] 30#30: exiting
2024/02/24 11:10:16 [notice] 30#30: exit
2024/02/24 11:10:16 [notice] 1#1: signal 17 (SIGCHLD) received from 30
2024/02/24 11:10:16 [notice] 1#1: worker process 30 exited with code 0
2024/02/24 11:10:16 [notice] 1#1: exit
2024/02/24 11:10:25 [notice] 1#1: using the "epoll" event method
2024/02/24 11:10:25 [notice] 1#1: nginx/1.25.3
2024/02/24 11:10:25 [notice] 1#1: built by gcc 12.2.0 (Debian 12.2.0-14) 
2024/02/24 11:10:25 [notice] 1#1: OS: Linux 6.5.0-18-generic
2024/02/24 11:10:25 [notice] 1#1: getrlimit(RLIMIT_NOFILE): 1048576:1048576
2024/02/24 11:10:25 [notice] 1#1: start worker processes
2024/02/24 11:10:25 [notice] 1#1: start worker process 22
2024/02/24 11:10:25 [notice] 1#1: start worker process 23
2024/02/24 11:10:25 [notice] 1#1: start worker process 24
2024/02/24 11:10:25 [notice] 1#1: start worker process 25
2024/02/24 11:10:25 [notice] 1#1: start worker process 26
2024/02/24 11:10:25 [notice] 1#1: start worker process 27
2024/02/24 11:10:25 [notice] 1#1: start worker process 28
2024/02/24 11:10:25 [notice] 1#1: start worker process 29
2024/02/24 11:10:25 [notice] 1#1: start worker process 30
2024/02/24 11:10:25 [notice] 1#1: start worker process 31
2024/02/24 11:10:25 [notice] 1#1: start worker process 32
2024/02/24 11:10:25 [notice] 1#1: start worker process 33
2024/02/24 13:32:31 [notice] 1#1: signal 3 (SIGQUIT) received, shutting down
2024/02/24 13:32:31 [notice] 22#22: gracefully shutting down
2024/02/24 13:32:31 [notice] 24#24: gracefully shutting down
2024/02/24 13:32:31 [notice] 23#23: gracefully shutting down
2024/02/24 13:32:31 [notice] 25#25: gracefully shutting down
2024/02/24 13:32:31 [notice] 27#27: gracefully shutting down
2024/02/24 13:32:31 [notice] 28#28: gracefully shutting down
2024/02/24 13:32:31 [notice] 26#26: gracefully shutting down
2024/02/24 13:32:31 [notice] 32#32: gracefully shutting down
2024/02/24 13:32:31 [notice] 22#22: exiting
2024/02/24 13:32:31 [notice] 24#24: exiting
2024/02/24 13:32:31 [notice] 31#31: gracefully shutting down
2024/02/24 13:32:31 [notice] 23#23: exiting
2024/02/24 13:32:31 [notice] 25#25: exiting
2024/02/24 13:32:31 [notice] 27#27: exiting
2024/02/24 13:32:31 [notice] 28#28: exiting
2024/02/24 13:32:31 [notice] 26#26: exiting
2024/02/24 13:32:31 [notice] 32#32: exiting
2024/02/24 13:32:31 [notice] 31#31: exiting
2024/02/24 13:32:31 [notice] 22#22: exit
2024/02/24 13:32:31 [notice] 24#24: exit
2024/02/24 13:32:31 [notice] 23#23: exit
2024/02/24 13:32:31 [notice] 25#25: exit
2024/02/24 13:32:31 [notice] 27#27: exit
2024/02/24 13:32:31 [notice] 28#28: exit
2024/02/24 13:32:31 [notice] 32#32: exit
2024/02/24 13:32:31 [notice] 26#26: exit
2024/02/24 13:32:31 [notice] 31#31: exit
2024/02/24 13:32:31 [notice] 29#29: gracefully shutting down
2024/02/24 13:32:31 [notice] 29#29: exiting
2024/02/24 13:32:31 [notice] 29#29: exit
2024/02/24 13:32:31 [notice] 33#33: gracefully shutting down
2024/02/24 13:32:31 [notice] 33#33: exiting
2024/02/24 13:32:31 [notice] 33#33: exit
2024/02/24 13:32:31 [notice] 30#30: gracefully shutting down
2024/02/24 13:32:31 [notice] 30#30: exiting
2024/02/24 13:32:31 [notice] 30#30: exit
2024/02/24 13:32:31 [notice] 1#1: signal 17 (SIGCHLD) received from 28
2024/02/24 13:32:31 [notice] 1#1: worker process 28 exited with code 0
2024/02/24 13:32:31 [notice] 1#1: worker process 26 exited with code 0
2024/02/24 13:32:31 [notice] 1#1: worker process 27 exited with code 0
2024/02/24 13:32:31 [notice] 1#1: worker process 32 exited with code 0
2024/02/24 13:32:31 [notice] 1#1: signal 29 (SIGIO) received
2024/02/24 13:32:31 [notice] 1#1: signal 17 (SIGCHLD) received from 32
2024/02/24 13:32:31 [notice] 1#1: signal 17 (SIGCHLD) received from 24
2024/02/24 13:32:31 [notice] 1#1: worker process 24 exited with code 0
2024/02/24 13:32:31 [notice] 1#1: worker process 29 exited with code 0
2024/02/24 13:32:31 [notice] 1#1: signal 29 (SIGIO) received
2024/02/24 13:32:31 [notice] 1#1: signal 17 (SIGCHLD) received from 25
2024/02/24 13:32:31 [notice] 1#1: worker process 25 exited with code 0
2024/02/24 13:32:31 [notice] 1#1: worker process 30 exited with code 0
2024/02/24 13:32:31 [notice] 1#1: signal 29 (SIGIO) received
2024/02/24 13:32:31 [notice] 1#1: signal 17 (SIGCHLD) received from 30
2024/02/24 13:32:31 [notice] 1#1: signal 17 (SIGCHLD) received from 22
2024/02/24 13:32:31 [notice] 1#1: worker process 22 exited with code 0
2024/02/24 13:32:31 [notice] 1#1: worker process 31 exited with code 0
2024/02/24 13:32:31 [notice] 1#1: worker process 23 exited with code 0
2024/02/24 13:32:31 [notice] 1#1: worker process 33 exited with code 0
2024/02/24 13:32:31 [notice] 1#1: exit
2024/02/24 14:12:15 [notice] 1#1: using the "epoll" event method
2024/02/24 14:12:15 [notice] 1#1: nginx/1.24.0
2024/02/24 14:12:15 [notice] 1#1: built by gcc 12.2.1 20220924 (Alpine 12.2.1_git20220924-r4) 
2024/02/24 14:12:15 [notice] 1#1: OS: Linux 6.5.0-18-generic
2024/02/24 14:12:15 [notice] 1#1: getrlimit(RLIMIT_NOFILE): 1048576:1048576
2024/02/24 14:12:15 [notice] 1#1: start worker processes
2024/02/24 14:12:15 [notice] 1#1: start worker process 22
2024/02/24 14:12:15 [notice] 1#1: start worker process 23
2024/02/24 14:12:15 [notice] 1#1: start worker process 24
2024/02/24 14:12:15 [notice] 1#1: start worker process 25
2024/02/24 14:12:15 [notice] 1#1: start worker process 26
2024/02/24 14:12:15 [notice] 1#1: start worker process 27
2024/02/24 14:12:15 [notice] 1#1: start worker process 28
2024/02/24 14:12:15 [notice] 1#1: start worker process 29
2024/02/24 14:12:15 [notice] 1#1: start worker process 30
2024/02/24 14:12:15 [notice] 1#1: start worker process 31
2024/02/24 14:12:15 [notice] 1#1: start worker process 32
2024/02/24 14:12:15 [notice] 1#1: start worker process 33
2024/02/24 14:17:17 [notice] 1#1: signal 3 (SIGQUIT) received, shutting down
2024/02/24 14:17:17 [notice] 23#23: gracefully shutting down
2024/02/24 14:17:17 [notice] 25#25: gracefully shutting down
2024/02/24 14:17:17 [notice] 26#26: gracefully shutting down
2024/02/24 14:17:17 [notice] 22#22: gracefully shutting down
2024/02/24 14:17:17 [notice] 24#24: gracefully shutting down
2024/02/24 14:17:17 [notice] 29#29: gracefully shutting down
2024/02/24 14:17:17 [notice] 30#30: gracefully shutting down
2024/02/24 14:17:17 [notice] 28#28: gracefully shutting down
2024/02/24 14:17:17 [notice] 27#27: gracefully shutting down
2024/02/24 14:17:17 [notice] 23#23: exiting
2024/02/24 14:17:17 [notice] 31#31: gracefully shutting down
2024/02/24 14:17:17 [notice] 25#25: exiting
2024/02/24 14:17:17 [notice] 26#26: exiting
2024/02/24 14:17:17 [notice] 22#22: exiting
2024/02/24 14:17:17 [notice] 24#24: exiting
2024/02/24 14:17:17 [notice] 33#33: gracefully shutting down
2024/02/24 14:17:17 [notice] 29#29: exiting
2024/02/24 14:17:17 [notice] 30#30: exiting
2024/02/24 14:17:17 [notice] 28#28: exiting
2024/02/24 14:17:17 [notice] 27#27: exiting
2024/02/24 14:17:17 [notice] 31#31: exiting
2024/02/24 14:17:17 [notice] 33#33: exiting
2024/02/24 14:17:17 [notice] 23#23: exit
2024/02/24 14:17:17 [notice] 25#25: exit
2024/02/24 14:17:17 [notice] 26#26: exit
2024/02/24 14:17:17 [notice] 24#24: exit
2024/02/24 14:17:17 [notice] 22#22: exit
2024/02/24 14:17:17 [notice] 29#29: exit
2024/02/24 14:17:17 [notice] 27#27: exit
2024/02/24 14:17:17 [notice] 28#28: exit
2024/02/24 14:17:17 [notice] 30#30: exit
2024/02/24 14:17:17 [notice] 33#33: exit
2024/02/24 14:17:17 [notice] 31#31: exit
2024/02/24 14:17:17 [notice] 32#32: gracefully shutting down
2024/02/24 14:17:17 [notice] 32#32: exiting
2024/02/24 14:17:17 [notice] 32#32: exit
2024/02/24 14:17:17 [notice] 1#1: signal 17 (SIGCHLD) received from 23
2024/02/24 14:17:17 [notice] 1#1: worker process 23 exited with code 0
2024/02/24 14:17:17 [notice] 1#1: signal 29 (SIGIO) received
2024/02/24 14:17:17 [notice] 1#1: signal 17 (SIGCHLD) received from 27
2024/02/24 14:17:17 [notice] 1#1: worker process 26 exited with code 0
2024/02/24 14:17:17 [notice] 1#1: worker process 27 exited with code 0
2024/02/24 14:17:17 [notice] 1#1: signal 29 (SIGIO) received
2024/02/24 14:17:17 [notice] 1#1: signal 17 (SIGCHLD) received from 29
2024/02/24 14:17:17 [notice] 1#1: worker process 29 exited with code 0
2024/02/24 14:17:17 [notice] 1#1: signal 29 (SIGIO) received
2024/02/24 14:17:17 [notice] 1#1: signal 17 (SIGCHLD) received from 28
2024/02/24 14:17:17 [notice] 1#1: worker process 25 exited with code 0
2024/02/24 14:17:17 [notice] 1#1: worker process 28 exited with code 0
2024/02/24 14:17:17 [notice] 1#1: worker process 32 exited with code 0
2024/02/24 14:17:17 [notice] 1#1: signal 29 (SIGIO) received
2024/02/24 14:17:17 [notice] 1#1: signal 17 (SIGCHLD) received from 25
2024/02/24 14:17:17 [notice] 1#1: signal 17 (SIGCHLD) received from 24
2024/02/24 14:17:17 [notice] 1#1: worker process 24 exited with code 0
2024/02/24 14:17:17 [notice] 1#1: signal 29 (SIGIO) received
2024/02/24 14:17:17 [notice] 1#1: signal 17 (SIGCHLD) received from 33
2024/02/24 14:17:17 [notice] 1#1: worker process 33 exited with code 0
2024/02/24 14:17:17 [notice] 1#1: signal 29 (SIGIO) received
2024/02/24 14:17:17 [notice] 1#1: signal 17 (SIGCHLD) received from 31
2024/02/24 14:17:17 [notice] 1#1: worker process 31 exited with code 0
2024/02/24 14:17:17 [notice] 1#1: signal 29 (SIGIO) received
2024/02/24 14:17:17 [notice] 1#1: signal 17 (SIGCHLD) received from 30
2024/02/24 14:17:17 [notice] 1#1: worker process 30 exited with code 0
2024/02/24 14:17:17 [notice] 1#1: signal 29 (SIGIO) received
2024/02/24 14:17:17 [notice] 1#1: signal 17 (SIGCHLD) received from 22
2024/02/24 14:17:17 [notice] 1#1: worker process 22 exited with code 0
2024/02/24 14:17:17 [notice] 1#1: exit
